<?xml version="1.0" encoding="UTF-8"?>
<!-- Generated by org.testng.reporters.JUnitXMLReporter -->
<testsuite ignored="0" hostname="Najeeb" failures="1" tests="4" name="Test Add to Cart" time="24.221" errors="0" timestamp="2020-04-30T22:47:42 EDT">
  <testcase classname="testObjects.AddtoCartTest" name="searchItem" time="8.877"/>
  <testcase classname="testObjects.AddtoCartTest" name="addItem" time="5.574"/>
  <testcase classname="testObjects.AddtoCartTest" name="viewCart" time="3.024"/>
  <testcase classname="testObjects.AddtoCartTest" name="quintityCheck" time="0.004">
    <failure type="junit.framework.AssertionFailedError" message="expected:&amp;lt;1&amp;gt; but was:&amp;lt;2&amp;gt;">
      <![CDATA[junit.framework.AssertionFailedError: expected:<1> but was:<2>
at junit.framework.Assert.fail(Assert.java:47)
at junit.framework.Assert.failNotEquals(Assert.java:282)
at junit.framework.Assert.assertEquals(Assert.java:64)
at junit.framework.Assert.assertEquals(Assert.java:201)
at junit.framework.Assert.assertEquals(Assert.java:207)
at testObjects.AddtoCartTest.quintityCheck(AddtoCartTest.java:55)
at java.base/java.util.ArrayList.forEach(ArrayList.java:1540)
... Removed 27 stack frames]]>
    </failure>
  </testcase> <!-- quintityCheck -->
</testsuite> <!-- Test Add to Cart -->
