<?xml version="1.0" encoding="UTF-8"?>
<testsuite xmlns:xsi="http://www.w3.org/2001/XMLSchema-instance" xsi:noNamespaceSchemaLocation="https://maven.apache.org/surefire/maven-surefire-plugin/xsd/surefire-test-report-3.0.xsd" version="3.0" name="TestSuite" time="22.606" tests="2" errors="0" skipped="0" failures="1">
  <properties>
[...]
</properties>
  <testcase name="basePageNavigation" classname="testObjects.HomePage" time="0.791"/>
  <testcase name="basePageNavigation" classname="testObjects.ValidateTitle" time="0.062">
    <failure message="expected [sign up] but found [Sign Up]" type="java.lang.AssertionError"><![CDATA[java.lang.AssertionError: expected [sign up] but found [Sign Up]
	at testObjects.ValidateTitle.basePageNavigation(ValidateTitle.java:30)
]]></failure>
    <system-out><![CDATA[The name of the test passed id: basePageNavigation
]]></system-out>
    <system-err><![CDATA[Starting ChromeDriver 81.0.4044.69 (6813546031a4bc83f717a2ef7cd4ac6ec1199132-refs/branch-heads/4044@{#776}) on port 45559
Only local connections are allowed.
Please protect ports used by ChromeDriver and related test frameworks to prevent access by malicious code.
Apr 25, 2020 11:03:17 PM org.openqa.selenium.remote.ProtocolHandshake createSession
INFO: Detected dialect: W3C
[1587870198.188][SEVERE]: Timed out receiving message from renderer: 0.100
[1587870199.228][SEVERE]: Timed out receiving message from renderer: 0.100
]]></system-err>
  </testcase>
</testsuite>