<?xml version="1.0" encoding="UTF-8"?>
<testng-results ignored="0" total="7" passed="6" failed="1" skipped="0">
  <reporter-output>
  </reporter-output>
  <suite started-at="2020-04-30T22:46:27 EDT" name="Suite" finished-at="2020-04-30T22:47:42 EDT" duration-ms="75309">
    <groups>
    </groups>
    <test started-at="2020-04-30T22:46:27 EDT" name="Test Create Account" finished-at="2020-04-30T22:46:43 EDT" duration-ms="16097">
      <class name="testObjects.CreateAccountTest">
        <test-method is-config="true" signature="initialize()[pri:0, instance:testObjects.CreateAccountTest@674658f7]" started-at="2020-04-30T22:46:27 EDT" name="initialize" finished-at="2020-04-30T22:46:32 EDT" duration-ms="5391" status="PASS">
          <reporter-output>
          </reporter-output>
        </test-method> <!-- initialize -->
        <test-method signature="homedepotCreateAccount()[pri:0, instance:testObjects.CreateAccountTest@674658f7]" started-at="2020-04-30T22:46:32 EDT" name="homedepotCreateAccount" finished-at="2020-04-30T22:46:43 EDT" duration-ms="10224" status="PASS">
          <reporter-output>
          </reporter-output>
        </test-method> <!-- homedepotCreateAccount -->
        <test-method is-config="true" signature="closeBrowser()[pri:0, instance:testObjects.CreateAccountTest@674658f7]" started-at="2020-04-30T22:46:43 EDT" name="closeBrowser" finished-at="2020-04-30T22:46:43 EDT" duration-ms="409" status="PASS">
          <reporter-output>
          </reporter-output>
        </test-method> <!-- closeBrowser -->
      </class> <!-- testObjects.CreateAccountTest -->
    </test> <!-- Test Create Account -->
    <test started-at="2020-04-30T22:46:43 EDT" name="Test User Login" finished-at="2020-04-30T22:47:18 EDT" duration-ms="34907">
      <class name="testObjects.LoginTest">
        <test-method is-config="true" signature="initialize()[pri:0, instance:testObjects.LoginTest@56bca85b]" started-at="2020-04-30T22:46:43 EDT" name="initialize" finished-at="2020-04-30T22:46:47 EDT" duration-ms="3672" status="PASS">
          <reporter-output>
          </reporter-output>
        </test-method> <!-- initialize -->
        <test-method signature="testLogin(java.lang.String, java.lang.String, java.lang.String)[pri:0, instance:testObjects.LoginTest@56bca85b]" started-at="2020-04-30T22:46:47 EDT" name="testLogin" data-provider="getData" finished-at="2020-04-30T22:47:06 EDT" duration-ms="18724" status="PASS">
          <params>
            <param index="0">
              <value>
                <![CDATA[testOne@test.com]]>
              </value>
            </param>
            <param index="1">
              <value>
                <![CDATA[testPasswordOne]]>
              </value>
            </param>
            <param index="2">
              <value>
                <![CDATA[Test User One]]>
              </value>
            </param>
          </params>
          <reporter-output>
          </reporter-output>
        </test-method> <!-- testLogin -->
        <test-method signature="testLogin(java.lang.String, java.lang.String, java.lang.String)[pri:0, instance:testObjects.LoginTest@56bca85b]" started-at="2020-04-30T22:47:06 EDT" name="testLogin" data-provider="getData" finished-at="2020-04-30T22:47:14 EDT" duration-ms="8013" status="PASS">
          <params>
            <param index="0">
              <value>
                <![CDATA[testTwo@test.com]]>
              </value>
            </param>
            <param index="1">
              <value>
                <![CDATA[testPasswordTwo]]>
              </value>
            </param>
            <param index="2">
              <value>
                <![CDATA[Test User Two]]>
              </value>
            </param>
          </params>
          <reporter-output>
          </reporter-output>
        </test-method> <!-- testLogin -->
        <test-method is-config="true" signature="closeBrowser()[pri:0, instance:testObjects.LoginTest@56bca85b]" started-at="2020-04-30T22:47:14 EDT" name="closeBrowser" finished-at="2020-04-30T22:47:18 EDT" duration-ms="4487" status="PASS">
          <reporter-output>
          </reporter-output>
        </test-method> <!-- closeBrowser -->
      </class> <!-- testObjects.LoginTest -->
    </test> <!-- Test User Login -->
    <test started-at="2020-04-30T22:47:18 EDT" name="Test Add to Cart" finished-at="2020-04-30T22:47:42 EDT" duration-ms="24221">
      <class name="testObjects.AddtoCartTest">
        <test-method is-config="true" signature="initialize()[pri:0, instance:testObjects.AddtoCartTest@ed3068a]" started-at="2020-04-30T22:47:18 EDT" name="initialize" finished-at="2020-04-30T22:47:23 EDT" duration-ms="4601" status="PASS">
          <reporter-output>
          </reporter-output>
        </test-method> <!-- initialize -->
        <test-method signature="searchItem()[pri:0, instance:testObjects.AddtoCartTest@ed3068a]" started-at="2020-04-30T22:47:23 EDT" name="searchItem" finished-at="2020-04-30T22:47:32 EDT" duration-ms="8877" status="PASS">
          <reporter-output>
          </reporter-output>
        </test-method> <!-- searchItem -->
        <test-method signature="addItem()[pri:1, instance:testObjects.AddtoCartTest@ed3068a]" started-at="2020-04-30T22:47:32 EDT" name="addItem" finished-at="2020-04-30T22:47:37 EDT" duration-ms="5574" status="PASS">
          <reporter-output>
          </reporter-output>
        </test-method> <!-- addItem -->
        <test-method signature="viewCart()[pri:2, instance:testObjects.AddtoCartTest@ed3068a]" started-at="2020-04-30T22:47:37 EDT" name="viewCart" finished-at="2020-04-30T22:47:40 EDT" duration-ms="3024" status="PASS">
          <reporter-output>
          </reporter-output>
        </test-method> <!-- viewCart -->
        <test-method signature="quintityCheck()[pri:3, instance:testObjects.AddtoCartTest@ed3068a]" started-at="2020-04-30T22:47:40 EDT" name="quintityCheck" finished-at="2020-04-30T22:47:40 EDT" duration-ms="4" status="FAIL">
          <exception class="junit.framework.AssertionFailedError">
            <message>
              <![CDATA[expected:<1> but was:<2>]]>
            </message>
            <full-stacktrace>
              <![CDATA[junit.framework.AssertionFailedError: expected:<1> but was:<2>
at junit.framework.Assert.fail(Assert.java:47)
at junit.framework.Assert.failNotEquals(Assert.java:282)
at junit.framework.Assert.assertEquals(Assert.java:64)
at junit.framework.Assert.assertEquals(Assert.java:201)
at junit.framework.Assert.assertEquals(Assert.java:207)
at testObjects.AddtoCartTest.quintityCheck(AddtoCartTest.java:55)
at java.base/jdk.internal.reflect.NativeMethodAccessorImpl.invoke0(Native Method)
at java.base/jdk.internal.reflect.NativeMethodAccessorImpl.invoke(NativeMethodAccessorImpl.java:62)
at java.base/jdk.internal.reflect.DelegatingMethodAccessorImpl.invoke(DelegatingMethodAccessorImpl.java:43)
at java.base/java.lang.reflect.Method.invoke(Method.java:566)
at org.testng.internal.MethodInvocationHelper.invokeMethod(MethodInvocationHelper.java:134)
at org.testng.internal.TestInvoker.invokeMethod(TestInvoker.java:597)
at org.testng.internal.TestInvoker.invokeTestMethod(TestInvoker.java:173)
at org.testng.internal.MethodRunner.runInSequence(MethodRunner.java:46)
at org.testng.internal.TestInvoker$MethodInvocationAgent.invoke(TestInvoker.java:816)
at org.testng.internal.TestInvoker.invokeTestMethods(TestInvoker.java:146)
at org.testng.internal.TestMethodWorker.invokeTestMethods(TestMethodWorker.java:146)
at org.testng.internal.TestMethodWorker.run(TestMethodWorker.java:128)
at java.base/java.util.ArrayList.forEach(ArrayList.java:1540)
at org.testng.TestRunner.privateRun(TestRunner.java:766)
at org.testng.TestRunner.run(TestRunner.java:587)
at org.testng.SuiteRunner.runTest(SuiteRunner.java:384)
at org.testng.SuiteRunner.runSequentially(SuiteRunner.java:378)
at org.testng.SuiteRunner.privateRun(SuiteRunner.java:337)
at org.testng.SuiteRunner.run(SuiteRunner.java:286)
at org.testng.SuiteRunnerWorker.runSuite(SuiteRunnerWorker.java:53)
at org.testng.SuiteRunnerWorker.run(SuiteRunnerWorker.java:96)
at org.testng.TestNG.runSuitesSequentially(TestNG.java:1187)
at org.testng.TestNG.runSuitesLocally(TestNG.java:1109)
at org.testng.TestNG.runSuites(TestNG.java:1039)
at org.testng.TestNG.run(TestNG.java:1007)
at org.testng.remote.AbstractRemoteTestNG.run(AbstractRemoteTestNG.java:115)
at org.testng.remote.RemoteTestNG.initAndRun(RemoteTestNG.java:251)
at org.testng.remote.RemoteTestNG.main(RemoteTestNG.java:77)
]]>
            </full-stacktrace>
          </exception> <!-- junit.framework.AssertionFailedError -->
          <reporter-output>
          </reporter-output>
        </test-method> <!-- quintityCheck -->
      </class> <!-- testObjects.AddtoCartTest -->
    </test> <!-- Test Add to Cart -->
  </suite> <!-- Suite -->
</testng-results>
